<?xml version="1.0" encoding="UTF-8"?>
<!-- Generated by org.testng.reporters.JUnitReportReporter -->
<testsuite hostname="G045LTRV" failures="0" tests="1" name="com.automation.test.LoginTest" time="4.491" errors="0" timestamp="2024-07-15T15:15:12 IST" skipped="0">
  <testcase classname="com.automation.test.LoginTest" name="verifyUSerCanLoginWithValidCredentials" time="4.491"/>
</testsuite> <!-- com.automation.test.LoginTest -->
