<?xml version="1.0" encoding="UTF-8"?>
<!-- Generated by org.testng.reporters.JUnitReportReporter -->
<testsuite hostname="G045LTRV" failures="0" tests="1" name="com.automation.test.AddToCartTest" time="5.958" errors="0" timestamp="2024-07-15T15:49:12 IST" skipped="0">
  <testcase classname="com.automation.test.AddToCartTest" name="verifyAddtoCart" time="5.958"/>
</testsuite> <!-- com.automation.test.AddToCartTest -->
